<?xml version="1.0" encoding="UTF-8"?>
<testsuite xmlns:xsi="http://www.w3.org/2001/XMLSchema-instance" xsi:noNamespaceSchemaLocation="https://maven.apache.org/surefire/maven-surefire-plugin/xsd/surefire-test-report-3.0.xsd" version="3.0" name="com.newzkl.platform.scm.IdentityConfigDispatchTest" time="0.9" tests="3" errors="0" skipped="0" failures="0">
  <properties>
[...]
</properties>
  <testcase name="allInstalledResolvesEachIdentity" classname="com.newzkl.platform.scm.IdentityConfigDispatchTest" time="0.746">
    <system-out><![CDATA[Standard Commons Logging discovery in action with spring-jcl: please remove commons-logging.jar from classpath in order to avoid potential conflicts
]]></system-out>
  </testcase>
  <testcase name="missingSupplierThrowsForUnmatchedIdentity" classname="com.newzkl.platform.scm.IdentityConfigDispatchTest" time="0.059"/>
  <testcase name="overlappingConditionFailsContextStartup" classname="com.newzkl.platform.scm.IdentityConfigDispatchTest" time="0.047">
    <system-out><![CDATA[01:28:42.547 [main] WARN org.springframework.context.annotation.AnnotationConfigApplicationContext -- Exception encountered during context initialization - cancelling refresh attempt: java.lang.IllegalStateException: 扩展点 com.newzkl.platform.base.common.ddd.application.spi.demo.IdentityConfigExt 身份条件重叠: com.newzkl.platform.plugin.channel.config.ChannelConfigProvider[1002] ∩ com.newzkl.platform.scm.IdentityConfigDispatchTest$CollidingChannelConfigProvider[1002] = [1002]
]]></system-out>
  </testcase>
</testsuite>